[2026-05-14 05:01:01] Перезапуск: Процесс worker_1.sh не найден в системе.
[2026-05-14 05:01:01] Успешно запущен worker_1.sh с новым PID 844718
[2026-05-14 05:01:01] Перезапуск: Процесс worker_2.sh не найден в системе.
[2026-05-14 05:01:01] Успешно запущен worker_2.sh с новым PID 844988
[2026-05-14 05:01:01] Перезапуск: Процесс worker_3.sh не найден в системе.
[2026-05-14 05:01:01] Успешно запущен worker_3.sh с новым PID 845260
[2026-05-14 05:01:01] Перезапуск: Процесс worker_4.sh не найден в системе.
[2026-05-14 05:01:01] Успешно запущен worker_4.sh с новым PID 845534
[2026-05-14 05:01:01] Перезапуск: Процесс worker_5.sh не найден в системе.
[2026-05-14 05:01:01] Успешно запущен worker_5.sh с новым PID 845810
[2026-05-14 05:01:01] Скрипт выполнился за 0 сек. Сон на 59 сек.
[2026-05-14 05:02:00] Процесс worker_1.sh (PID 844718) активен. Отправляем 'how much?'
[2026-05-14 05:02:00] Ответ от worker_1.sh: исходное=62, осталось=62
[2026-05-14 05:02:00] Оставшееся время (62) >= 70% от исходного (62).
[2026-05-14 05:02:00] Процесс worker_2.sh (PID 844988) активен. Отправляем 'how much?'
[2026-05-14 05:02:00] Ответ от worker_2.sh: исходное=503, осталось=503
[2026-05-14 05:02:00] Оставшееся время (503) >= 70% от исходного (503).
[2026-05-14 05:02:00] Процесс worker_3.sh (PID 845260) активен. Отправляем 'how much?'
[2026-05-14 05:02:00] Ответ от worker_3.sh: исходное=495, осталось=495
[2026-05-14 05:02:00] Оставшееся время (495) >= 70% от исходного (495).
[2026-05-14 05:02:00] Процесс worker_4.sh (PID 845534) активен. Отправляем 'how much?'
[2026-05-14 05:02:00] Ответ от worker_4.sh: исходное=188, осталось=188
[2026-05-14 05:02:00] Оставшееся время (188) >= 70% от исходного (188).
[2026-05-14 05:02:00] Процесс worker_5.sh (PID 845810) активен. Отправляем 'how much?'
[2026-05-14 05:02:00] Ответ от worker_5.sh: исходное=301, осталось=301
[2026-05-14 05:02:00] Оставшееся время (301) >= 70% от исходного (301).
[2026-05-14 05:02:00] Скрипт выполнился за 0 сек. Сон на 59 сек.
[2026-05-14 05:03:01] Процесс worker_1.sh (PID 844718) активен. Отправляем 'how much?'
[2026-05-14 05:03:02] Не удалось получить ответ от worker_1.sh (таймаут или нет канала ответа).
[2026-05-14 05:03:02] Процесс worker_2.sh (PID 844988) активен. Отправляем 'how much?'
[2026-05-14 05:03:03] Ответ от worker_2.sh: исходное=503, осталось=440
[2026-05-14 05:03:03] Оставшееся время (440) >= 70% от исходного (503).
[2026-05-14 05:03:03] Процесс worker_3.sh (PID 845260) активен. Отправляем 'how much?'
[2026-05-14 05:03:04] Ответ от worker_3.sh: исходное=495, осталось=431
[2026-05-14 05:03:04] Оставшееся время (431) >= 70% от исходного (495).
[2026-05-14 05:03:04] Процесс worker_4.sh (PID 845534) активен. Отправляем 'how much?'
[2026-05-14 05:03:05] Ответ от worker_4.sh: исходное=188, осталось=123
[2026-05-14 05:03:05] Условие выполнено, но вероятность не сработала.
[2026-05-14 05:03:05] Процесс worker_5.sh (PID 845810) активен. Отправляем 'how much?'
[2026-05-14 05:03:06] Ответ от worker_5.sh: исходное=301, осталось=235
[2026-05-14 05:03:06] Оставшееся время (235) >= 70% от исходного (301).
[2026-05-14 05:03:06] Скрипт выполнился за 5 сек. Сон на 54 сек.
[2026-05-14 05:04:00] Перезапуск: Процесс worker_1.sh не найден в системе.
[2026-05-14 05:04:00] Успешно запущен worker_1.sh с новым PID 848907
[2026-05-14 05:04:00] Процесс worker_2.sh (PID 844988) активен. Отправляем 'how much?'
[2026-05-14 05:04:01] Ответ от worker_2.sh: исходное=503, осталось=382
[2026-05-14 05:04:01] Оставшееся время (382) >= 70% от исходного (503).
[2026-05-14 05:04:01] Процесс worker_3.sh (PID 845260) активен. Отправляем 'how much?'
[2026-05-14 05:04:02] Ответ от worker_3.sh: исходное=495, осталось=373
[2026-05-14 05:04:02] Оставшееся время (373) >= 70% от исходного (495).
[2026-05-14 05:04:02] Процесс worker_4.sh (PID 845534) активен. Отправляем 'how much?'
[2026-05-14 05:04:03] Ответ от worker_4.sh: исходное=188, осталось=65
[2026-05-14 05:04:03] Условие выполнено, но вероятность не сработала.
[2026-05-14 05:04:03] Процесс worker_5.sh (PID 845810) активен. Отправляем 'how much?'
[2026-05-14 05:04:04] Ответ от worker_5.sh: исходное=301, осталось=177
[2026-05-14 05:04:04] Условие выполнено, но вероятность не сработала.
[2026-05-14 05:04:04] Скрипт выполнился за 4 сек. Сон на 55 сек.
[2026-05-14 05:05:01] Процесс worker_1.sh (PID 848907) активен. Отправляем 'how much?'
[2026-05-14 05:05:01] Ответ от worker_1.sh: исходное=195, осталось=195
[2026-05-14 05:05:01] Оставшееся время (195) >= 70% от исходного (195).
[2026-05-14 05:05:01] Процесс worker_2.sh (PID 844988) активен. Отправляем 'how much?'
[2026-05-14 05:05:02] Ответ от worker_2.sh: исходное=503, осталось=321
[2026-05-14 05:05:02] Условие выполнено, но вероятность не сработала.
[2026-05-14 05:05:02] Процесс worker_3.sh (PID 845260) активен. Отправляем 'how much?'
[2026-05-14 05:05:03] Ответ от worker_3.sh: исходное=495, осталось=312
[2026-05-14 05:05:03] Условие выполнено, но вероятность не сработала.
[2026-05-14 05:05:03] Процесс worker_4.sh (PID 845534) активен. Отправляем 'how much?'
[2026-05-14 05:05:04] Ответ от worker_4.sh: исходное=188, осталось=4
[2026-05-14 05:05:04] Условие выполнено, но вероятность не сработала.
[2026-05-14 05:05:04] Процесс worker_5.sh (PID 845810) активен. Отправляем 'how much?'
[2026-05-14 05:05:05] Ответ от worker_5.sh: исходное=301, осталось=116
[2026-05-14 05:05:05] Отправлена команда 'work twice!' процессу worker_5.sh (PID 845810)
[2026-05-14 05:05:05] Скрипт выполнился за 4 сек. Сон на 55 сек.
[2026-05-14 05:06:00] Процесс worker_1.sh (PID 848907) активен. Отправляем 'how much?'
[2026-05-14 05:06:01] Ответ от worker_1.sh: исходное=195, осталось=135
[2026-05-14 05:06:01] Условие выполнено, но вероятность не сработала.
[2026-05-14 05:06:02] Процесс worker_2.sh (PID 844988) активен. Отправляем 'how much?'
[2026-05-14 05:06:02] Ответ от worker_2.sh: исходное=503, осталось=261
[2026-05-14 05:06:02] Отправлена команда 'work twice!' процессу worker_2.sh (PID 844988)
[2026-05-14 05:06:02] Процесс worker_3.sh (PID 845260) активен. Отправляем 'how much?'
[2026-05-14 05:06:03] Ответ от worker_3.sh: исходное=495, осталось=252
[2026-05-14 05:06:03] Условие выполнено, но вероятность не сработала.
[2026-05-14 05:06:03] Перезапуск: Процесс worker_4.sh не найден в системе.
[2026-05-14 05:06:03] Успешно запущен worker_4.sh с новым PID 852407
[2026-05-14 05:06:03] Процесс worker_5.sh (PID 845810) активен. Отправляем 'how much?'
[2026-05-14 05:06:04] Ответ от worker_5.sh: исходное=301, осталось=172
[2026-05-14 05:06:04] Отправлена команда 'work twice!' процессу worker_5.sh (PID 845810)
[2026-05-14 05:06:04] Скрипт выполнился за 4 сек. Сон на 55 сек.
[2026-05-14 05:07:01] Процесс worker_1.sh (PID 848907) активен. Отправляем 'how much?'
[2026-05-14 05:07:02] Ответ от worker_1.sh: исходное=195, осталось=74
[2026-05-14 05:07:02] Отправлена команда 'work twice!' процессу worker_1.sh (PID 848907)
[2026-05-14 05:07:03] Процесс worker_2.sh (PID 844988) активен. Отправляем 'how much?'
[2026-05-14 05:07:03] Ответ от worker_2.sh: исходное=503, осталось=460
[2026-05-14 05:07:03] Оставшееся время (460) >= 70% от исходного (503).
[2026-05-14 05:07:03] Процесс worker_3.sh (PID 845260) активен. Отправляем 'how much?'
[2026-05-14 05:07:04] Ответ от worker_3.sh: исходное=495, осталось=191
[2026-05-14 05:07:04] Условие выполнено, но вероятность не сработала.
[2026-05-14 05:07:04] Процесс worker_4.sh (PID 852407) активен. Отправляем 'how much?'
[2026-05-14 05:07:04] Ответ от worker_4.sh: исходное=482, осталось=482
[2026-05-14 05:07:04] Оставшееся время (482) >= 70% от исходного (482).
[2026-05-14 05:07:04] Процесс worker_5.sh (PID 845810) активен. Отправляем 'how much?'
[2026-05-14 05:07:04] Ответ от worker_5.sh: исходное=301, осталось=283
[2026-05-14 05:07:04] Оставшееся время (283) >= 70% от исходного (301).
[2026-05-14 05:07:04] Скрипт выполнился за 3 сек. Сон на 56 сек.
[2026-05-14 05:08:01] Процесс worker_1.sh (PID 848907) активен. Отправляем 'how much?'
[2026-05-14 05:08:02] Ответ от worker_1.sh: исходное=195, осталось=88
[2026-05-14 05:08:02] Условие выполнено, но вероятность не сработала.
[2026-05-14 05:08:02] Процесс worker_2.sh (PID 844988) активен. Отправляем 'how much?'
[2026-05-14 05:08:02] Ответ от worker_2.sh: исходное=503, осталось=401
[2026-05-14 05:08:02] Оставшееся время (401) >= 70% от исходного (503).
[2026-05-14 05:08:02] Процесс worker_3.sh (PID 845260) активен. Отправляем 'how much?'
[2026-05-14 05:08:03] Ответ от worker_3.sh: исходное=495, осталось=132
[2026-05-14 05:08:03] Отправлена команда 'work twice!' процессу worker_3.sh (PID 845260)
[2026-05-14 05:08:03] Процесс worker_4.sh (PID 852407) активен. Отправляем 'how much?'
[2026-05-14 05:08:03] Ответ от worker_4.sh: исходное=482, осталось=423
[2026-05-14 05:08:03] Оставшееся время (423) >= 70% от исходного (482).
[2026-05-14 05:08:03] Процесс worker_5.sh (PID 845810) активен. Отправляем 'how much?'
[2026-05-14 05:08:04] Ответ от worker_5.sh: исходное=301, осталось=224
[2026-05-14 05:08:04] Оставшееся время (224) >= 70% от исходного (301).
[2026-05-14 05:08:04] Скрипт выполнился за 4 сек. Сон на 55 сек.
[2026-05-14 05:09:01] Процесс worker_1.sh (PID 848907) активен. Отправляем 'how much?'
[2026-05-14 05:09:02] Ответ от worker_1.sh: исходное=195, осталось=28
[2026-05-14 05:09:02] Условие выполнено, но вероятность не сработала.
[2026-05-14 05:09:02] Процесс worker_2.sh (PID 844988) активен. Отправляем 'how much?'
[2026-05-14 05:09:02] Ответ от worker_2.sh: исходное=503, осталось=341
[2026-05-14 05:09:02] Условие выполнено, но вероятность не сработала.
[2026-05-14 05:09:02] Процесс worker_3.sh (PID 845260) активен. Отправляем 'how much?'
[2026-05-14 05:09:03] Ответ от worker_3.sh: исходное=495, осталось=203
[2026-05-14 05:09:03] Условие выполнено, но вероятность не сработала.
[2026-05-14 05:09:03] Процесс worker_4.sh (PID 852407) активен. Отправляем 'how much?'
[2026-05-14 05:09:03] Ответ от worker_4.sh: исходное=482, осталось=363
[2026-05-14 05:09:03] Оставшееся время (363) >= 70% от исходного (482).
[2026-05-14 05:09:04] Процесс worker_5.sh (PID 845810) активен. Отправляем 'how much?'
[2026-05-14 05:09:04] Ответ от worker_5.sh: исходное=301, осталось=164
[2026-05-14 05:09:04] Отправлена команда 'work twice!' процессу worker_5.sh (PID 845810)
[2026-05-14 05:09:04] Скрипт выполнился за 3 сек. Сон на 56 сек.
[2026-05-14 05:10:00] Перезапуск: Процесс worker_1.sh не найден в системе.
[2026-05-14 05:10:00] Успешно запущен worker_1.sh с новым PID 857430
[2026-05-14 05:10:00] Процесс worker_2.sh (PID 844988) активен. Отправляем 'how much?'
[2026-05-14 05:10:00] Ответ от worker_2.sh: исходное=503, осталось=283
[2026-05-14 05:10:00] Отправлена команда 'work twice!' процессу worker_2.sh (PID 844988)
[2026-05-14 05:10:01] Процесс worker_3.sh (PID 845260) активен. Отправляем 'how much?'
[2026-05-14 05:10:01] Ответ от worker_3.sh: исходное=495, осталось=145
[2026-05-14 05:10:01] Условие выполнено, но вероятность не сработала.
[2026-05-14 05:10:02] Процесс worker_4.sh (PID 852407) активен. Отправляем 'how much?'
[2026-05-14 05:10:02] Ответ от worker_4.sh: исходное=482, осталось=305
[2026-05-14 05:10:02] Условие выполнено, но вероятность не сработала.
[2026-05-14 05:10:02] Процесс worker_5.sh (PID 845810) активен. Отправляем 'how much?'
[2026-05-14 05:10:02] Ответ от worker_5.sh: исходное=301, осталось=269
[2026-05-14 05:10:02] Оставшееся время (269) >= 70% от исходного (301).
[2026-05-14 05:10:02] Скрипт выполнился за 2 сек. Сон на 57 сек.
[2026-05-14 05:11:01] Процесс worker_1.sh (PID 857430) активен. Отправляем 'how much?'
[2026-05-14 05:11:01] Ответ от worker_1.sh: исходное=107, осталось=107
[2026-05-14 05:11:01] Оставшееся время (107) >= 70% от исходного (107).
[2026-05-14 05:11:01] Процесс worker_2.sh (PID 844988) активен. Отправляем 'how much?'
[2026-05-14 05:11:02] Ответ от worker_2.sh: исходное=503, осталось=504
[2026-05-14 05:11:02] Оставшееся время (504) >= 70% от исходного (503).
[2026-05-14 05:11:02] Процесс worker_3.sh (PID 845260) активен. Отправляем 'how much?'
[2026-05-14 05:11:03] Ответ от worker_3.sh: исходное=495, осталось=84
[2026-05-14 05:11:03] Условие выполнено, но вероятность не сработала.
[2026-05-14 05:11:03] Процесс worker_4.sh (PID 852407) активен. Отправляем 'how much?'
[2026-05-14 05:11:04] Ответ от worker_4.sh: исходное=482, осталось=243
[2026-05-14 05:11:04] Условие выполнено, но вероятность не сработала.
[2026-05-14 05:11:04] Процесс worker_5.sh (PID 845810) активен. Отправляем 'how much?'
[2026-05-14 05:11:04] Ответ от worker_5.sh: исходное=301, осталось=207
[2026-05-14 05:11:04] Отправлена команда 'work twice!' процессу worker_5.sh (PID 845810)
[2026-05-14 05:11:04] Скрипт выполнился за 3 сек. Сон на 56 сек.
[2026-05-14 05:12:00] Процесс worker_1.sh (PID 857430) активен. Отправляем 'how much?'
[2026-05-14 05:12:00] Ответ от worker_1.sh: исходное=107, осталось=48
[2026-05-14 05:12:00] Условие выполнено, но вероятность не сработала.
[2026-05-14 05:12:00] Процесс worker_2.sh (PID 844988) активен. Отправляем 'how much?'
[2026-05-14 05:12:01] Ответ от worker_2.sh: исходное=503, осталось=445
[2026-05-14 05:12:01] Оставшееся время (445) >= 70% от исходного (503).
[2026-05-14 05:12:01] Процесс worker_3.sh (PID 845260) активен. Отправляем 'how much?'
[2026-05-14 05:12:02] Ответ от worker_3.sh: исходное=495, осталось=25
[2026-05-14 05:12:02] Отправлена команда 'work twice!' процессу worker_3.sh (PID 845260)
[2026-05-14 05:12:02] Процесс worker_4.sh (PID 852407) активен. Отправляем 'how much?'
[2026-05-14 05:12:03] Ответ от worker_4.sh: исходное=482, осталось=184
[2026-05-14 05:12:03] Условие выполнено, но вероятность не сработала.
[2026-05-14 05:12:03] Процесс worker_5.sh (PID 845810) активен. Отправляем 'how much?'
[2026-05-14 05:12:03] Ответ от worker_5.sh: исходное=301, осталось=354
[2026-05-14 05:12:03] Оставшееся время (354) >= 70% от исходного (301).
[2026-05-14 05:12:03] Скрипт выполнился за 3 сек. Сон на 56 сек.
[2026-05-14 05:13:01] Перезапуск: Процесс worker_1.sh не найден в системе.
[2026-05-14 05:13:01] Успешно запущен worker_1.sh с новым PID 861717
[2026-05-14 05:13:01] Процесс worker_2.sh (PID 844988) активен. Отправляем 'how much?'
[2026-05-14 05:13:02] Ответ от worker_2.sh: исходное=503, осталось=384
[2026-05-14 05:13:02] Оставшееся время (384) >= 70% от исходного (503).
[2026-05-14 05:13:02] Перезапуск: Процесс worker_3.sh не найден в системе.
[2026-05-14 05:13:02] Успешно запущен worker_3.sh с новым PID 862218
[2026-05-14 05:13:02] Процесс worker_4.sh (PID 852407) активен. Отправляем 'how much?'
[2026-05-14 05:13:03] Ответ от worker_4.sh: исходное=482, осталось=124
[2026-05-14 05:13:03] Условие выполнено, но вероятность не сработала.
[2026-05-14 05:13:03] Процесс worker_5.sh (PID 845810) активен. Отправляем 'how much?'
[2026-05-14 05:13:03] Ответ от worker_5.sh: исходное=301, осталось=294
[2026-05-14 05:13:03] Оставшееся время (294) >= 70% от исходного (301).
[2026-05-14 05:13:03] Скрипт выполнился за 2 сек. Сон на 57 сек.
[2026-05-14 05:14:00] Процесс worker_1.sh (PID 861717) активен. Отправляем 'how much?'
[2026-05-14 05:14:00] Ответ от worker_1.sh: исходное=135, осталось=135
[2026-05-14 05:14:00] Оставшееся время (135) >= 70% от исходного (135).
[2026-05-14 05:14:00] Процесс worker_2.sh (PID 844988) активен. Отправляем 'how much?'
[2026-05-14 05:14:01] Ответ от worker_2.sh: исходное=503, осталось=325
[2026-05-14 05:14:01] Условие выполнено, но вероятность не сработала.
[2026-05-14 05:14:01] Процесс worker_3.sh (PID 862218) активен. Отправляем 'how much?'
[2026-05-14 05:14:01] Ответ от worker_3.sh: исходное=347, осталось=347
[2026-05-14 05:14:01] Оставшееся время (347) >= 70% от исходного (347).
[2026-05-14 05:14:01] Процесс worker_4.sh (PID 852407) активен. Отправляем 'how much?'
[2026-05-14 05:14:02] Ответ от worker_4.sh: исходное=482, осталось=65
[2026-05-14 05:14:02] Отправлена команда 'work twice!' процессу worker_4.sh (PID 852407)
[2026-05-14 05:14:02] Процесс worker_5.sh (PID 845810) активен. Отправляем 'how much?'
[2026-05-14 05:14:02] Ответ от worker_5.sh: исходное=301, осталось=235
[2026-05-14 05:14:02] Оставшееся время (235) >= 70% от исходного (301).
[2026-05-14 05:14:02] Скрипт выполнился за 2 сек. Сон на 57 сек.
[2026-05-14 05:15:01] Процесс worker_1.sh (PID 861717) активен. Отправляем 'how much?'
[2026-05-14 05:15:02] Ответ от worker_1.sh: исходное=135, осталось=73
[2026-05-14 05:15:02] Отправлена команда 'work twice!' процессу worker_1.sh (PID 861717)
[2026-05-14 05:15:02] Процесс worker_2.sh (PID 844988) активен. Отправляем 'how much?'
[2026-05-14 05:15:03] Ответ от worker_2.sh: исходное=503, осталось=263
[2026-05-14 05:15:03] Отправлена команда 'work twice!' процессу worker_2.sh (PID 844988)
[2026-05-14 05:15:03] Процесс worker_3.sh (PID 862218) активен. Отправляем 'how much?'
[2026-05-14 05:15:04] Ответ от worker_3.sh: исходное=347, осталось=284
[2026-05-14 05:15:04] Оставшееся время (284) >= 70% от исходного (347).
[2026-05-14 05:15:04] Процесс worker_4.sh (PID 852407) активен. Отправляем 'how much?'
[2026-05-14 05:15:05] Ответ от worker_4.sh: исходное=482, осталось=66
[2026-05-14 05:15:05] Условие выполнено, но вероятность не сработала.
[2026-05-14 05:15:05] Процесс worker_5.sh (PID 845810) активен. Отправляем 'how much?'
[2026-05-14 05:15:05] Ответ от worker_5.sh: исходное=301, осталось=172
[2026-05-14 05:15:05] Отправлена команда 'work twice!' процессу worker_5.sh (PID 845810)
[2026-05-14 05:15:05] Скрипт выполнился за 4 сек. Сон на 55 сек.
[2026-05-14 05:16:00] Процесс worker_1.sh (PID 861717) активен. Отправляем 'how much?'
[2026-05-14 05:16:01] Ответ от worker_1.sh: исходное=135, осталось=86
[2026-05-14 05:16:01] Отправлена команда 'work twice!' процессу worker_1.sh (PID 861717)
[2026-05-14 05:16:01] Процесс worker_2.sh (PID 844988) активен. Отправляем 'how much?'
[2026-05-14 05:16:02] Ответ от worker_2.sh: исходное=503, осталось=466
[2026-05-14 05:16:02] Оставшееся время (466) >= 70% от исходного (503).
[2026-05-14 05:16:02] Процесс worker_3.sh (PID 862218) активен. Отправляем 'how much?'
[2026-05-14 05:16:03] Ответ от worker_3.sh: исходное=347, осталось=225
[2026-05-14 05:16:03] Отправлена команда 'work twice!' процессу worker_3.sh (PID 862218)
[2026-05-14 05:16:03] Процесс worker_4.sh (PID 852407) активен. Отправляем 'how much?'
[2026-05-14 05:16:04] Ответ от worker_4.sh: исходное=482, осталось=7
[2026-05-14 05:16:04] Условие выполнено, но вероятность не сработала.
[2026-05-14 05:16:04] Процесс worker_5.sh (PID 845810) активен. Отправляем 'how much?'
[2026-05-14 05:16:04] Ответ от worker_5.sh: исходное=301, осталось=284
[2026-05-14 05:16:04] Оставшееся время (284) >= 70% от исходного (301).
[2026-05-14 05:16:04] Скрипт выполнился за 4 сек. Сон на 55 сек.